Grammar

    0 $accept: statement $end

    1 statement: exp

    2 exp: exp '+' exp
    3    | exp '-' exp
    4    | exp '*' exp
    5    | exp '/' exp
    6    | '-' exp
    7    | '(' exp ')'
    8    | NUMBER


Terminals, with rules where they appear

$end (0) 0
'(' (40) 7
')' (41) 7
'*' (42) 4
'+' (43) 2
'-' (45) 3 6
'/' (47) 5
error (256)
NUMBER (258) 8
UMINUS (259)


Nonterminals, with rules where they appear

$accept (11)
    on left: 0
statement (12)
    on left: 1, on right: 0
exp (13)
    on left: 2 3 4 5 6 7 8, on right: 1 2 3 4 5 6 7


State 0

    0 $accept: . statement $end

    NUMBER  shift, and go to state 1
    '-'     shift, and go to state 2
    '('     shift, and go to state 3

    statement  go to state 4
    exp        go to state 5


State 1

    8 exp: NUMBER .

    $default  reduce using rule 8 (exp)


State 2

    6 exp: '-' . exp

    NUMBER  shift, and go to state 1
    '-'     shift, and go to state 2
    '('     shift, and go to state 3

    exp  go to state 6


State 3

    7 exp: '(' . exp ')'

    NUMBER  shift, and go to state 1
    '-'     shift, and go to state 2
    '('     shift, and go to state 3

    exp  go to state 7


State 4

    0 $accept: statement . $end

    $end  shift, and go to state 8


State 5

    1 statement: exp .
    2 exp: exp . '+' exp
    3    | exp . '-' exp
    4    | exp . '*' exp
    5    | exp . '/' exp

    '-'  shift, and go to state 9
    '+'  shift, and go to state 10
    '*'  shift, and go to state 11
    '/'  shift, and go to state 12

    $default  reduce using rule 1 (statement)


State 6

    2 exp: exp . '+' exp
    3    | exp . '-' exp
    4    | exp . '*' exp
    5    | exp . '/' exp
    6    | '-' exp .

    $default  reduce using rule 6 (exp)


State 7

    2 exp: exp . '+' exp
    3    | exp . '-' exp
    4    | exp . '*' exp
    5    | exp . '/' exp
    7    | '(' exp . ')'

    '-'  shift, and go to state 9
    '+'  shift, and go to state 10
    '*'  shift, and go to state 11
    '/'  shift, and go to state 12
    ')'  shift, and go to state 13


State 8

    0 $accept: statement $end .

    $default  accept


State 9

    3 exp: exp '-' . exp

    NUMBER  shift, and go to state 1
    '-'     shift, and go to state 2
    '('     shift, and go to state 3

    exp  go to state 14


State 10

    2 exp: exp '+' . exp

    NUMBER  shift, and go to state 1
    '-'     shift, and go to state 2
    '('     shift, and go to state 3

    exp  go to state 15


State 11

    4 exp: exp '*' . exp

    NUMBER  shift, and go to state 1
    '-'     shift, and go to state 2
    '('     shift, and go to state 3

    exp  go to state 16


State 12

    5 exp: exp '/' . exp

    NUMBER  shift, and go to state 1
    '-'     shift, and go to state 2
    '('     shift, and go to state 3

    exp  go to state 17


State 13

    7 exp: '(' exp ')' .

    $default  reduce using rule 7 (exp)


State 14

    2 exp: exp . '+' exp
    3    | exp . '-' exp
    3    | exp '-' exp .
    4    | exp . '*' exp
    5    | exp . '/' exp

    '*'  shift, and go to state 11
    '/'  shift, and go to state 12

    $default  reduce using rule 3 (exp)


State 15

    2 exp: exp . '+' exp
    2    | exp '+' exp .
    3    | exp . '-' exp
    4    | exp . '*' exp
    5    | exp . '/' exp

    '*'  shift, and go to state 11
    '/'  shift, and go to state 12

    $default  reduce using rule 2 (exp)


State 16

    2 exp: exp . '+' exp
    3    | exp . '-' exp
    4    | exp . '*' exp
    4    | exp '*' exp .
    5    | exp . '/' exp

    $default  reduce using rule 4 (exp)


State 17

    2 exp: exp . '+' exp
    3    | exp . '-' exp
    4    | exp . '*' exp
    5    | exp . '/' exp
    5    | exp '/' exp .

    $default  reduce using rule 5 (exp)
